D:\PROJECTS\MDSP\ALOGINS_SIMMY\DEBUG\.NETFRAMEWORK,VERSION=V4.0.ASSEMBLYATTRIBUTES.OBJ
D:\PROJECTS\MDSP\ALOGINS_SIMMY\DEBUG\ALOGINS_SIMMY.EXE
D:\PROJECTS\MDSP\ALOGINS_SIMMY\DEBUG\ALOGINS_SIMMY.EXE.INTERMEDIATE.MANIFEST
D:\PROJECTS\MDSP\ALOGINS_SIMMY\DEBUG\ALOGINS_SIMMY.ILK
D:\PROJECTS\MDSP\ALOGINS_SIMMY\DEBUG\ALOGINS_SIMMY.OBJ
D:\PROJECTS\MDSP\ALOGINS_SIMMY\DEBUG\ALOGINS_SIMMY.PCH
D:\PROJECTS\MDSP\ALOGINS_SIMMY\DEBUG\ALOGINS_SIMMY.PDB
D:\Projects\MDSP\alogins_simmy\Debug\alogins_simmy.write.1.tlog
D:\PROJECTS\MDSP\ALOGINS_SIMMY\DEBUG\APP.RES
D:\PROJECTS\MDSP\ALOGINS_SIMMY\DEBUG\ASSEMBLYINFO.OBJ
D:\Projects\MDSP\alogins_simmy\Debug\cl.command.1.tlog
D:\Projects\MDSP\alogins_simmy\Debug\CL.read.1.tlog
D:\Projects\MDSP\alogins_simmy\Debug\CL.write.1.tlog
D:\Projects\MDSP\alogins_simmy\Debug\link.4976.read.1.tlog
D:\Projects\MDSP\alogins_simmy\Debug\link.4976.write.1.tlog
D:\Projects\MDSP\alogins_simmy\Debug\link.4976-cvtres.read.1.tlog
D:\Projects\MDSP\alogins_simmy\Debug\link.4976-cvtres.write.1.tlog
D:\Projects\MDSP\alogins_simmy\Debug\link.command.1.tlog
D:\Projects\MDSP\alogins_simmy\Debug\link.read.1.tlog
D:\Projects\MDSP\alogins_simmy\Debug\link.write.1.tlog
D:\Projects\MDSP\alogins_simmy\Debug\mt.command.1.tlog
D:\Projects\MDSP\alogins_simmy\Debug\mt.read.1.tlog
D:\Projects\MDSP\alogins_simmy\Debug\mt.write.1.tlog
D:\Projects\MDSP\alogins_simmy\Debug\rc.command.1.tlog
D:\Projects\MDSP\alogins_simmy\Debug\rc.read.1.tlog
D:\Projects\MDSP\alogins_simmy\Debug\rc.write.1.tlog
D:\PROJECTS\MDSP\ALOGINS_SIMMY\DEBUG\STDAFX.OBJ
D:\PROJECTS\MDSP\ALOGINS_SIMMY\DEBUG\VC100.PDB
